<?xml version="1.0" encoding="UTF-8"?>
<testng-results skipped="0" failed="0" total="2" passed="2">
  <reporter-output>
  </reporter-output>
  <suite name="Default suite" duration-ms="3077" started-at="2019-07-24T11:37:24Z" finished-at="2019-07-24T11:37:27Z">
    <groups>
    </groups>
    <test name="Default test" duration-ms="3077" started-at="2019-07-24T11:37:24Z" finished-at="2019-07-24T11:37:27Z">
      <class name="Web.Restassured.Putexcelrestassured">
        <test-method status="PASS" signature="Putexcelrestassureddetails(java.lang.String, java.lang.String)[pri:0, instance:Web.Restassured.Putexcelrestassured@1d057a39]" name="Putexcelrestassureddetails" duration-ms="1884" started-at="2019-07-24T17:07:25Z" data-provider="survey" finished-at="2019-07-24T17:07:26Z">
          <params>
            <param index="0">
              <value>
                <![CDATA[a1]]>
              </value>
            </param>
            <param index="1">
              <value>
                <![CDATA[a1]]>
              </value>
            </param>
          </params>
          <reporter-output>
          </reporter-output>
        </test-method> <!-- Putexcelrestassureddetails -->
        <test-method status="PASS" signature="Putexcelrestassureddetails(java.lang.String, java.lang.String)[pri:0, instance:Web.Restassured.Putexcelrestassured@1d057a39]" name="Putexcelrestassureddetails" duration-ms="624" started-at="2019-07-24T17:07:26Z" data-provider="survey" finished-at="2019-07-24T17:07:27Z">
          <params>
            <param index="0">
              <value>
                <![CDATA[a1]]>
              </value>
            </param>
            <param index="1">
              <value>
                <![CDATA[a1]]>
              </value>
            </param>
          </params>
          <reporter-output>
          </reporter-output>
        </test-method> <!-- Putexcelrestassureddetails -->
      </class> <!-- Web.Restassured.Putexcelrestassured -->
    </test> <!-- Default test -->
  </suite> <!-- Default suite -->
</testng-results>
